src/utils/validator.py:17: error: Incompatible default for argument "config" (default has type "None", argument has type "dict[Any, Any]")  [assignment]
src/utils/validator.py:17: note: PEP 484 prohibits implicit Optional. Accordingly, mypy has changed its default to no_implicit_optional=True
src/utils/validator.py:17: note: Use https://github.com/hauntsaninja/no_implicit_optional to automatically upgrade your codebase
src/metadata/tvdb_auth.py:6: error: Library stubs not installed for "requests"  [import-untyped]
src/metadata/mobi.py:198: error: Dict entry 7 has incompatible type "str": "list[Never]"; expected "str": "str | None"  [dict-item]
src/metadata/epub.py:173: error: Dict entry 7 has incompatible type "str": "list[Never]"; expected "str": "str | None"  [dict-item]
src/metadata/api_enricher.py:9: error: Library stubs not installed for "requests"  [import-untyped]
src/metadata/api_enricher.py:9: note: Hint: "python3 -m pip install types-requests"
src/metadata/api_enricher.py:9: note: (or run "mypy --install-types" to install all missing stub packages)
src/metadata/api_enricher.py:9: note: See https://mypy.readthedocs.io/en/stable/running_mypy.html#missing-imports
src/metadata/api_enricher.py:62: error: Incompatible types in assignment (expression has type "list[Never]", target has type "str | None")  [assignment]
src/metadata/api_enricher.py:76: error: Unsupported right operand type for in ("str | list[Never] | None")  [operator]
src/metadata/api_enricher.py:434: error: Incompatible types in assignment (expression has type "list[Never]", target has type "str | None")  [assignment]
src/metadata/api_enricher.py:435: error: Unsupported right operand type for in ("str | None")  [operator]
src/metadata/api_enricher.py:436: error: Item "str" of "str | None" has no attribute "append"  [union-attr]
src/metadata/api_enricher.py:436: error: Item "None" of "str | None" has no attribute "append"  [union-attr]
web/schemas/template.py:26: error: Unexpected keyword argument "missing" for "Boolean"  [call-arg]
venv/lib/python3.11/site-packages/marshmallow/fields.py:1161: note: "Boolean" defined here
web/crypto.py:69: error: Incompatible types in assignment (expression has type "str", variable has type "bytes")  [assignment]
web/crypto.py:70: error: "bytes" has no attribute "encode"; maybe "decode"?  [attr-defined]
src/scene_rules/grabber.py:10: error: Library stubs not installed for "requests"  [import-untyped]
src/scene_rules/grabber.py:46: error: Unsupported right operand type for in ("str | AttributeValueList | None")  [operator]
src/scene_rules/grabber.py:46: error: Item "AttributeValueList" of "str | AttributeValueList | None" has no attribute "endswith"  [union-attr]
src/scene_rules/grabber.py:46: error: Item "None" of "str | AttributeValueList | None" has no attribute "endswith"  [union-attr]
src/scene_rules/grabber.py:49: error: Argument 2 to "search" has incompatible type "str | AttributeValueList | None"; expected "str"  [arg-type]
src/scene_rules/grabber.py:56: error: Item "AttributeValueList" of "str | AttributeValueList | None" has no attribute "startswith"  [union-attr]
src/scene_rules/grabber.py:56: error: Item "None" of "str | AttributeValueList | None" has no attribute "startswith"  [union-attr]
src/scene_rules/grabber.py:177: error: Need type annotation for "rules_by_year" (hint: "rules_by_year: dict[<type>, <type>] = ...")  [var-annotated]
src/scene_rules/grabber.py:269: error: Incompatible return value type (got "list[dict[str, float | int | str | Any]]", expected "list[dict[str, str]]")  [return-value]
web/helpers.py:45: error: Incompatible types in assignment (expression has type "str", target has type "bool")  [assignment]
web/helpers.py:47: error: Incompatible types in assignment (expression has type "str", target has type "bool")  [assignment]
web/helpers.py:49: error: Incompatible types in assignment (expression has type "dict[Any, Any]", target has type "bool")  [assignment]
web/blueprints/tv.py:78: note: By default the bodies of untyped functions are not checked, consider using --check-untyped-defs  [annotation-unchecked]
web/blueprints/tv.py:79: note: By default the bodies of untyped functions are not checked, consider using --check-untyped-defs  [annotation-unchecked]
web/blueprints/tv.py:80: note: By default the bodies of untyped functions are not checked, consider using --check-untyped-defs  [annotation-unchecked]
web/blueprints/tv.py:81: note: By default the bodies of untyped functions are not checked, consider using --check-untyped-defs  [annotation-unchecked]
src/metadata/pdf.py:50: error: "PdfObject" has no attribute "strip"  [attr-defined]
src/metadata/pdf.py:54: error: "PdfObject" has no attribute "strip"  [attr-defined]
src/metadata/pdf.py:58: error: "PdfObject" has no attribute "strip"  [attr-defined]
src/metadata/pdf.py:131: error: Dict entry 7 has incompatible type "str": "list[Never]"; expected "str": "str | None"  [dict-item]
src/metadata/tv_apis.py:7: error: Library stubs not installed for "requests"  [import-untyped]
src/metadata/tv_apis.py:54: error: Incompatible default for argument "api_key" (default has type "None", argument has type "str")  [assignment]
src/metadata/tv_apis.py:54: note: PEP 484 prohibits implicit Optional. Accordingly, mypy has changed its default to no_implicit_optional=True
src/metadata/tv_apis.py:54: note: Use https://github.com/hauntsaninja/no_implicit_optional to automatically upgrade your codebase
src/metadata/tv_apis.py:90: error: Incompatible types in assignment (expression has type "int", target has type "str")  [assignment]
src/metadata/tv_apis.py:92: error: Incompatible types in assignment (expression has type "int", target has type "str")  [assignment]
src/metadata/tv_apis.py:145: error: Incompatible default for argument "api_key" (default has type "None", argument has type "str")  [assignment]
src/metadata/tv_apis.py:145: note: PEP 484 prohibits implicit Optional. Accordingly, mypy has changed its default to no_implicit_optional=True
src/metadata/tv_apis.py:145: note: Use https://github.com/hauntsaninja/no_implicit_optional to automatically upgrade your codebase
src/metadata/tv_apis.py:146: error: Incompatible default for argument "user_key" (default has type "None", argument has type "str")  [assignment]
src/metadata/tv_apis.py:146: note: PEP 484 prohibits implicit Optional. Accordingly, mypy has changed its default to no_implicit_optional=True
src/metadata/tv_apis.py:146: note: Use https://github.com/hauntsaninja/no_implicit_optional to automatically upgrade your codebase
src/metadata/tv_apis.py:228: error: Incompatible default for argument "api_key" (default has type "None", argument has type "str")  [assignment]
src/metadata/tv_apis.py:228: note: PEP 484 prohibits implicit Optional. Accordingly, mypy has changed its default to no_implicit_optional=True
src/metadata/tv_apis.py:228: note: Use https://github.com/hauntsaninja/no_implicit_optional to automatically upgrade your codebase
src/metadata/tv_apis.py:362: error: Need type annotation for "enriched"  [var-annotated]
web/models/user.py:19: error: Name "db.Model" is not defined  [name-defined]
web/models/template.py:12: error: Name "db.Model" is not defined  [name-defined]
web/models/preference.py:12: error: Name "db.Model" is not defined  [name-defined]
web/models/preference.py:57: error: Name "db.Model" is not defined  [name-defined]
web/models/job.py:22: error: Name "db.Model" is not defined  [name-defined]
web/models/job.py:136: error: Name "db.Model" is not defined  [name-defined]
web/models/job.py:158: error: Name "db.Model" is not defined  [name-defined]
web/models/destination.py:12: error: Name "db.Model" is not defined  [name-defined]
web/models/api_config.py:13: error: Name "db.Model" is not defined  [name-defined]
web/utils/api_config.py:63: error: Incompatible types in assignment (expression has type "dict[str, Any]", target has type "None")  [assignment]
web/utils/api_config.py:70: error: Incompatible types in assignment (expression has type "dict[str, Any]", target has type "None")  [assignment]
web/utils/api_config.py:77: error: Value expression in dictionary comprehension has incompatible type "None"; expected type "dict[str, Any]"  [misc]
web/utils/api_config.py:106: error: Incompatible types in assignment (expression has type "int", target has type "None")  [assignment]
web/utils/api_config.py:107: error: Incompatible types in assignment (expression has type "int", target has type "None")  [assignment]
web/utils/api_config.py:112: error: Incompatible types in assignment (expression has type "str | Any", target has type "None")  [assignment]
web/utils/api_config.py:118: error: Incompatible types in assignment (expression has type "str", target has type "None")  [assignment]
web/services/ftp_upload.py:14: error: Incompatible types in assignment (expression has type "None", variable has type Module)  [assignment]
web/services/ftp_upload.py:17: error: Library stubs not installed for "paramiko"  [import-untyped]
web/services/ftp_upload.py:17: note: Hint: "python3 -m pip install types-paramiko"
web/blueprints/users.py:215: error: Incompatible types in assignment (expression has type "UserSchema", variable has type "UserUpdateSchema")  [assignment]
web/blueprints/preferences.py:8: error: Module "web.helpers" has no attribute "get_current_user_id"  [attr-defined]
web/blueprints/export.py:49: error: Argument 1 to "joinedload" has incompatible type "RelationshipProperty[Any]"; expected "Literal['*'] | QueryableAttribute[Any]"  [arg-type]
web/blueprints/export.py:101: error: Unexpected keyword argument "job_id" for "FtpUploadService"  [call-arg]
web/services/ftp_upload.py:49: note: "FtpUploadService" defined here
web/blueprints/export.py:153: error: Argument 1 to "joinedload" has incompatible type "RelationshipProperty[Any]"; expected "Literal['*'] | QueryableAttribute[Any]"  [arg-type]
web/blueprints/export.py:205: error: Unexpected keyword argument "job_id" for "FtpUploadService"  [call-arg]
web/blueprints/destinations.py:242: error: Incompatible types in assignment (expression has type "DestinationSchema", variable has type "DestinationUpdateSchema")  [assignment]
web/blueprints/api_config.py:6: error: Library stubs not installed for "requests"  [import-untyped]
web/blueprints/api_config.py:21: error: Module "web.helpers" has no attribute "get_current_user_id"  [attr-defined]
web/blueprints/api_config.py:333: error: Incompatible types in assignment (expression has type "ApiConfigSchema", variable has type "ApiConfigUpdateSchema")  [assignment]
src/packaging/nfo.py:16: error: Incompatible types in assignment (expression has type "None", variable has type "Callable[[str, dict[str, Any]], str]")  [assignment]
src/packaging/nfo.py:92: error: Function "render_nfo_template" could always be true in boolean context  [truthy-function]
web/blueprints/templates.py:214: error: Incompatible types in assignment (expression has type "TemplateSchema", variable has type "TemplateCreateSchema")  [assignment]
src/packer.py:14: error: Library stubs not installed for "yaml"  [import-untyped]
src/packer.py:14: note: Hint: "python3 -m pip install types-PyYAML"
src/packer.py:193: error: Argument 1 to "join" of "str" has incompatible type "str | None"; expected "Iterable[str]"  [arg-type]
src/packer.py:328: error: Dict entry 7 has incompatible type "str": "list[Never]"; expected "str": "str | None"  [dict-item]
src/packer.py:340: error: Name "format_type_upper" is not defined  [name-defined]
src/packer.py:345: error: Missing return statement  [return]
src/packaging/docs_packer.py:58: error: Argument 1 to "len" has incompatible type "PdfObject"; expected "Sized"  [arg-type]
src/packaging/docs_packer.py:59: error: Value of type "PdfObject" is not indexable  [index]
web/services/packaging.py:428: error: "RelationshipProperty[Any]" has no attribute "__iter__"; maybe "__str__"? (not iterable)  [attr-defined]
web/blueprints/jobs.py:9: error: Module "web.helpers" has no attribute "get_current_user_id"  [attr-defined]
web/blueprints/jobs.py:119: error: Argument 1 to "joinedload" has incompatible type "RelationshipProperty[Any]"; expected "Literal['*'] | QueryableAttribute[Any]"  [arg-type]
web/blueprints/jobs.py:120: error: Argument 1 to "joinedload" has incompatible type "RelationshipProperty[Any]"; expected "Literal['*'] | QueryableAttribute[Any]"  [arg-type]
web/blueprints/jobs.py:259: error: Argument 1 to "joinedload" has incompatible type "RelationshipProperty[Any]"; expected "Literal['*'] | QueryableAttribute[Any]"  [arg-type]
web/blueprints/jobs.py:410: error: Name "Destination" is not defined  [name-defined]
web/blueprints/jobs.py:412: error: Name "Destination" is not defined  [name-defined]
web/blueprints/jobs.py:554: error: Name "Destination" is not defined  [name-defined]
web/blueprints/jobs.py:556: error: Name "Destination" is not defined  [name-defined]
web/app.py:12: error: Library stubs not installed for "yaml"  [import-untyped]
web/blueprints/wizard.py:11: error: Library stubs not installed for "requests"  [import-untyped]
web/blueprints/wizard.py:14: error: Module "web.helpers" has no attribute "get_current_user_id"  [attr-defined]
web/blueprints/wizard.py:45: error: Argument 1 to "Path" has incompatible type "Any | None"; expected "str | PathLike[str]"  [arg-type]
web/blueprints/wizard.py:47: error: Incompatible return value type (got "tuple[None, tuple[Response, int]]", expected "tuple[Path, tuple[Any, ...] | None]")  [return-value]
web/blueprints/wizard.py:57: error: Incompatible return value type (got "tuple[None, tuple[Response, int]]", expected "tuple[Path, tuple[Any, ...] | None]")  [return-value]
web/blueprints/wizard.py:69: error: Incompatible return value type (got "tuple[None, tuple[Response, int]]", expected "tuple[Path, tuple[Any, ...] | None]")  [return-value]
web/blueprints/wizard.py:76: error: Incompatible return value type (got "tuple[None, tuple[Response, int]]", expected "tuple[Path, tuple[Any, ...] | None]")  [return-value]
web/blueprints/api.py:584: error: Library stubs not installed for "yaml"  [import-untyped]
web/scripts/manage_apis.py:109: error: Library stubs not installed for "requests"  [import-untyped]
Found 95 errors in 34 files (checked 79 source files)
